{"name": "test_login[chrome]", "status": "broken", "statusDetails": {"message": "selenium.common.exceptions.TimeoutException: Message:", "trace": "self = <Facebook_automation.Tests.test_LoginPage.TestLogin object at 0x00000237B8E297C0>\n\n    def test_login(self):\n        self.login_page = LoginPage(self.driver)\n>       self.login_page.do_login(TestData.email, TestData.password)\n\ntest_LoginPage.py:26: \n_ _ _ _ _ _ _ _ _ _ _ _ _ _ _ _ _ _ _ _ _ _ _ _ _ _ _ _ _ _ _ _ _ _ _ _ _ _ _ _ _ _ _ _ _ _ _ _ _ _ _ _ _ _ _ _ _ \n..\\pages\\LoginPage.py:36: in do_login\n    self.do_click(self.login_button)\n..\\pages\\BasePage.py:17: in do_click\n    WebDriverWait(self.driver, 10).until(exp.visibility_of_element_located(locator)).click()\n_ _ _ _ _ _ _ _ _ _ _ _ _ _ _ _ _ _ _ _ _ _ _ _ _ _ _ _ _ _ _ _ _ _ _ _ _ _ _ _ _ _ _ _ _ _ _ _ _ _ _ _ _ _ _ _ _ \n\nself = <selenium.webdriver.support.wait.WebDriverWait (session=\"0e77678a228acb556e84af32dd9b6f14\")>\nmethod = <selenium.webdriver.support.expected_conditions.visibility_of_element_located object at 0x00000237B8E809D0>\nmessage = ''\n\n    def until(self, method, message=''):\n        \"\"\"Calls the method provided with the driver as an argument until the \\\n        return value is not False.\"\"\"\n        screen = None\n        stacktrace = None\n    \n        end_time = time.time() + self._timeout\n        while True:\n            try:\n                value = method(self._driver)\n                if value:\n                    return value\n            except self._ignored_exceptions as exc:\n                screen = getattr(exc, 'screen', None)\n                stacktrace = getattr(exc, 'stacktrace', None)\n            time.sleep(self._poll)\n            if time.time() > end_time:\n                break\n>       raise TimeoutException(message, screen, stacktrace)\nE       selenium.common.exceptions.TimeoutException: Message:\n\nf:\\practice codes\\selenium_practice\\venv\\lib\\site-packages\\selenium\\webdriver\\support\\wait.py:80: TimeoutException"}, "parameters": [{"name": "init_driver", "value": "'chrome'"}], "start": 1629226316807, "stop": 1629226327766, "uuid": "89e71ff7-0ad9-4976-b836-ec9c430e7dd3", "historyId": "f97d12604026ddd75668d20b4f39e42d", "testCaseId": "494a15f3fcca01be875c2ae5381f20db", "fullName": "test_LoginPage.TestLogin#test_login", "labels": [{"name": "tag", "value": "@pytest.mark.usefixtures('init_driver')"}, {"name": "suite", "value": "test_LoginPage"}, {"name": "subSuite", "value": "TestLogin"}, {"name": "host", "value": "DESKTOP-LEA88FQ"}, {"name": "thread", "value": "4036-MainThread"}, {"name": "framework", "value": "pytest"}, {"name": "language", "value": "cpython3"}, {"name": "package", "value": "test_LoginPage"}]}